<?xml version="1.0" encoding="UTF-8" ?>
<testsuite errors="0" failures="0" hostname="DESKTOP-TODQFMB" name="RoomRateFactoryTest" skipped="0" tests="3" time="0.228" timestamp="2026-03-06T20:09:54">
  <properties>
[...]
</properties>
  <testcase classname="RoomRateFactoryTest" name="testDeluxeRate" time="0.009" />
  <testcase classname="RoomRateFactoryTest" name="testDoubleRate" time="0.001" />
  <testcase classname="RoomRateFactoryTest" name="testSingleRate" time="0.001" />
  <system-out><![CDATA[]]></system-out>
  <system-err><![CDATA[]]></system-err>
</testsuite>
